0 info it worked if it ends with ok
1 verbose cli [ '/usr/bin/node', '/bin/npm', 'publish', '--access', 'public' ]
2 info using npm@3.10.10
3 info using node@v6.17.1
4 verbose publish [ '.' ]
5 silly cache add args [ '.', null ]
6 verbose cache add spec .
7 silly cache add parsed spec Result {
7 silly cache add   raw: '.',
7 silly cache add   scope: null,
7 silly cache add   escapedName: null,
7 silly cache add   name: null,
7 silly cache add   rawSpec: '.',
7 silly cache add   spec: '/root/apify-tools',
7 silly cache add   type: 'directory' }
8 verbose addLocalDirectory /root/.npm/@rrexky/apify-tools/1.0.2/package.tgz not in flight; packing
9 verbose correctMkdir /root/.npm correctMkdir not in flight; initializing
10 info lifecycle @rrexky/apify-tools@1.0.2~prepublish: @rrexky/apify-tools@1.0.2
11 silly lifecycle @rrexky/apify-tools@1.0.2~prepublish: no script for prepublish, continuing
12 verbose tar pack [ '/root/.npm/@rrexky/apify-tools/1.0.2/package.tgz',
12 verbose tar pack   '/root/apify-tools' ]
13 verbose tarball /root/.npm/@rrexky/apify-tools/1.0.2/package.tgz
14 verbose folder /root/apify-tools
15 verbose addLocalTarball adding from inside cache /root/.npm/@rrexky/apify-tools/1.0.2/package.tgz
16 verbose correctMkdir /root/.npm correctMkdir not in flight; initializing
17 silly cache afterAdd @rrexky/apify-tools@1.0.2
18 verbose afterAdd /root/.npm/@rrexky/apify-tools/1.0.2/package/package.json not in flight; writing
19 verbose correctMkdir /root/.npm correctMkdir not in flight; initializing
20 verbose afterAdd /root/.npm/@rrexky/apify-tools/1.0.2/package/package.json written
21 silly publish { name: '@rrexky/apify-tools',
21 silly publish   version: '1.0.2',
21 silly publish   description: '',
21 silly publish   main: 'apify-tools.js',
21 silly publish   scripts: { test: 'echo "Error: no test specified" && exit 1' },
21 silly publish   repository:
21 silly publish    { type: 'git',
21 silly publish      url: 'git+https://github.com/tuaplicacionpropia/apify-tools.git' },
21 silly publish   keywords: [ 'apify' ],
21 silly publish   author: '',
21 silly publish   license: 'ISC',
21 silly publish   bugs: { url: 'https://github.com/tuaplicacionpropia/apify-tools/issues' },
21 silly publish   homepage: 'https://github.com/tuaplicacionpropia/apify-tools#readme',
21 silly publish   readme: '# apify-tools\n\n',
21 silly publish   readmeFilename: 'README.md',
21 silly publish   gitHead: 'f1d27ea9ea06750267e60d43ed7ef29689264648',
21 silly publish   _id: '@rrexky/apify-tools@1.0.2',
21 silly publish   _shasum: 'f44073d3dbf6675c9278963874f3f4e7da1118d5',
21 silly publish   _from: '.' }
22 verbose getPublishConfig undefined
23 silly mapToRegistry name @rrexky/apify-tools
24 silly mapToRegistry scope (from package name) @rrexky
25 verbose mapToRegistry no registry URL found in name for scope @rrexky
26 silly mapToRegistry using default registry
27 silly mapToRegistry registry https://registry.npmjs.org/
28 silly mapToRegistry data Result {
28 silly mapToRegistry   raw: '@rrexky/apify-tools',
28 silly mapToRegistry   scope: '@rrexky',
28 silly mapToRegistry   escapedName: '@rrexky%2fapify-tools',
28 silly mapToRegistry   name: '@rrexky/apify-tools',
28 silly mapToRegistry   rawSpec: '',
28 silly mapToRegistry   spec: 'latest',
28 silly mapToRegistry   type: 'tag' }
29 silly mapToRegistry uri https://registry.npmjs.org/@rrexky%2fapify-tools
30 verbose publish registryBase https://registry.npmjs.org/
31 silly publish uploading /root/.npm/@rrexky/apify-tools/1.0.2/package.tgz
32 verbose request uri https://registry.npmjs.org/@rrexky%2fapify-tools
33 verbose request sending authorization for write operation
34 info attempt registry request try #1 at 10:37:46
35 verbose request using bearer token for auth
36 verbose request id 6a4421365511e829
37 http request PUT https://registry.npmjs.org/@rrexky%2fapify-tools
38 http 403 https://registry.npmjs.org/@rrexky%2fapify-tools
39 verbose headers { date: 'Sun, 15 Mar 2020 10:37:46 GMT',
39 verbose headers   'content-type': 'application/json',
39 verbose headers   'transfer-encoding': 'chunked',
39 verbose headers   connection: 'keep-alive',
39 verbose headers   'set-cookie': [ '__cfduid=d394e63841d59646589b959ca47eed4691584268665; expires=Tue, 14-Apr-20 10:37:45 GMT; path=/; domain=.npmjs.org; HttpOnly; SameSite=Lax' ],
39 verbose headers   'cf-ray': '574599d87b63ff18-MAD',
39 verbose headers   'cf-cache-status': 'DYNAMIC',
39 verbose headers   'expect-ct': 'max-age=604800, report-uri="https://report-uri.cloudflare.com/cdn-cgi/beacon/expect-ct"',
39 verbose headers   vary: 'Accept-Encoding',
39 verbose headers   server: 'cloudflare',
39 verbose headers   'content-encoding': 'gzip' }
40 verbose request invalidating /root/.npm/registry.npmjs.org/_40rrexky_252fapify-tools on PUT
41 error publish Failed PUT 403
42 verbose stack Error: You cannot publish over the previously published versions: 1.0.2. : @rrexky/apify-tools
42 verbose stack     at makeError (/usr/lib/node_modules/npm/node_modules.bundled/npm-registry-client/lib/request.js:302:12)
42 verbose stack     at CachingRegistryClient.<anonymous> (/usr/lib/node_modules/npm/node_modules.bundled/npm-registry-client/lib/request.js:290:14)
42 verbose stack     at /usr/lib/node_modules/npm/node_modules.bundled/npm-registry-client/lib/request.js:216:7
42 verbose stack     at Gunzip.onEnd (zlib.js:227:5)
42 verbose stack     at emitNone (events.js:91:20)
42 verbose stack     at Gunzip.emit (events.js:185:7)
42 verbose stack     at endReadableNT (_stream_readable.js:978:12)
42 verbose stack     at _combinedTickCallback (internal/process/next_tick.js:80:11)
42 verbose stack     at process._tickCallback (internal/process/next_tick.js:104:9)
43 verbose statusCode 403
44 verbose pkgid @rrexky/apify-tools
45 verbose cwd /root/apify-tools
46 error Linux 5.3.6-1.el7.elrepo.x86_64
47 error argv "/usr/bin/node" "/bin/npm" "publish" "--access" "public"
48 error node v6.17.1
49 error npm  v3.10.10
50 error code E403
51 error You cannot publish over the previously published versions: 1.0.2. : @rrexky/apify-tools
52 error If you need help, you may report this error at:
52 error     <https://github.com/npm/npm/issues>
53 verbose exit [ 1, true ]
